[#|2011-01-07T00:44:38.612-0700|WARNING|glassfish3.0.1|javax.enterprise.system.container.web.com.sun.enterprise.web|_ThreadID=30;_ThreadName=http-thread-pool-8080-(2);|StandardWrapperValve[HelloServlet]: PWC1382: Allocate exception for servlet HelloServlet
com.sun.enterprise.container.common.spi.util.InjectionException: Error creating managed object for class org.lightguard.cdi.extension.webapp.servlet.HelloServlet
  at com.sun.enterprise.container.common.impl.util.InjectionManagerImpl.createManagedObject(InjectionManagerImpl.java:312)
  at com.sun.enterprise.web.WebContainer.createServletInstance(WebContainer.java:709)
  at com.sun.enterprise.web.WebModule.createServletInstance(WebModule.java:1937)
  at org.apache.catalina.core.StandardWrapper.loadServlet(StandardWrapper.java:1252)
  at org.apache.catalina.core.StandardWrapper.allocate(StandardWrapper.java:1059)
  at org.apache.catalina.core.StandardWrapperValve.invoke(StandardWrapperValve.java:187)
  at org.apache.catalina.core.StandardContextValve.invoke(StandardContextValve.java:188)
  at org.apache.catalina.core.StandardPipeline.invoke(StandardPipeline.java:641)
  at com.sun.enterprise.web.WebPipeline.invoke(WebPipeline.java:97)
  at com.sun.enterprise.web.PESessionLockingStandardPipeline.invoke(PESessionLockingStandardPipeline.java:85)
  at org.apache.catalina.core.StandardHostValve.invoke(StandardHostValve.java:185)
  at org.apache.catalina.connector.CoyoteAdapter.doService(CoyoteAdapter.java:325)
  at org.apache.catalina.connector.CoyoteAdapter.service(CoyoteAdapter.java:226)
  at com.sun.enterprise.v3.services.impl.ContainerMapper.service(ContainerMapper.java:165)
  at com.sun.grizzly.http.ProcessorTask.invokeAdapter(ProcessorTask.java:791)
  at com.sun.grizzly.http.ProcessorTask.doProcess(ProcessorTask.java:693)
  at com.sun.grizzly.http.ProcessorTask.process(ProcessorTask.java:954)
  at com.sun.grizzly.http.DefaultProtocolFilter.execute(DefaultProtocolFilter.java:170)
  at com.sun.grizzly.DefaultProtocolChain.executeProtocolFilter(DefaultProtocolChain.java:135)
  at com.sun.grizzly.DefaultProtocolChain.execute(DefaultProtocolChain.java:102)
  at com.sun.grizzly.DefaultProtocolChain.execute(DefaultProtocolChain.java:88)
  at com.sun.grizzly.http.HttpProtocolChain.execute(HttpProtocolChain.java:76)
  at com.sun.grizzly.ProtocolChainContextTask.doCall(ProtocolChainContextTask.java:53)
  at com.sun.grizzly.SelectionKeyContextTask.call(SelectionKeyContextTask.java:57)
  at com.sun.grizzly.ContextTask.run(ContextTask.java:69)
  at com.sun.grizzly.util.AbstractThreadPool$Worker.doWork(AbstractThreadPool.java:330)
  at com.sun.grizzly.util.AbstractThreadPool$Worker.run(AbstractThreadPool.java:309)
  at java.lang.Thread.run(Thread.java:680)
Caused by: org.jboss.weld.exceptions.AmbiguousResolutionException: WELD-001318 Cannot resolve an ambiguous dependency between [org.jboss.weld.bean-org.lightguard.cdi.extension.bean.HelloService-ManagedBean-org.lightguard.cdi.extension.bean.HelloService{}, org.jboss.weld.bean-org.lightguard.cdi.extension.bean.HelloService-ManagedBean-class org.lightguard.cdi.extension.bean.HelloService]
  at org.jboss.weld.manager.BeanManagerImpl.resolve(BeanManagerImpl.java:1160)
  at org.jboss.weld.manager.BeanManagerImpl.getBean(BeanManagerImpl.java:804)
  at org.jboss.weld.manager.BeanManagerImpl.getInjectableReference(BeanManagerImpl.java:793)
  at org.jboss.weld.injection.FieldInjectionPoint.inject(FieldInjectionPoint.java:108)
  at org.jboss.weld.util.Beans.injectBoundFields(Beans.java:790)
  at org.jboss.weld.util.Beans.injectFieldsAndInitializers(Beans.java:802)
  at org.jboss.weld.manager.SimpleInjectionTarget$1.proceed(SimpleInjectionTarget.java:122)
  at org.glassfish.weld.services.InjectionServicesImpl.aroundInject(InjectionServicesImpl.java:130)
  at org.jboss.weld.injection.InjectionContextImpl.run(InjectionContextImpl.java:47)
  at org.jboss.weld.manager.SimpleInjectionTarget.inject(SimpleInjectionTarget.java:116)
  at org.glassfish.weld.services.JCDIServiceImpl.createManagedObject(JCDIServiceImpl.java:204)
  at org.glassfish.weld.services.JCDIServiceImpl.createManagedObject(JCDIServiceImpl.java:178)
  at com.sun.enterprise.container.common.impl.managedbean.ManagedBeanManagerImpl.createManagedBean(ManagedBeanManagerImpl.java:456)
  at com.sun.enterprise.container.common.impl.managedbean.ManagedBeanManagerImpl.createManagedBean(ManagedBeanManagerImpl.java:423)
  at com.sun.enterprise.container.common.impl.util.InjectionManagerImpl.createManagedObject(InjectionManagerImpl.java:295)
  ... 27 more
|#]

